<?xml version="1.0" encoding="UTF-8"?>
<!-- Generated by org.testng.reporters.JUnitReportReporter -->
<testsuite hostname="HASEEFRAWTHAR" failures="0" tests="2" name="com.NopCommerce.runner.UIRunner" time="26.511" errors="0" timestamp="2022-10-05T10:33:35 IST" skipped="0">
  <testcase classname="com.NopCommerce.runner.UIRunner" name="runScenario" time="15.230"/>
  <system-out/>
  <testcase classname="com.NopCommerce.runner.UIRunner" name="runScenario" time="11.281"/>
  <system-out/>
</testsuite> <!-- com.NopCommerce.runner.UIRunner -->
